<?xml version="1.0" encoding="UTF-8"?>
<testsuites name="jest tests" tests="27" failures="13" errors="0" time="3.589">
  <testsuite name="API security and health" errors="0" failures="0" skipped="0" timestamp="2026-03-17T22:39:44" time="0.568" tests="9">
    <testcase classname="API security and health responds to /health" name="API security and health responds to /health" time="0.029">
    </testcase>
    <testcase classname="API security and health responds to /healthz" name="API security and health responds to /healthz" time="0.004">
    </testcase>
    <testcase classname="API security and health returns security headers on /api/health" name="API security and health returns security headers on /api/health" time="0.004">
    </testcase>
    <testcase classname="API security and health validates login payload" name="API security and health validates login payload" time="0.029">
    </testcase>
    <testcase classname="API security and health returns default entitlements for logged-in user" name="API security and health returns default entitlements for logged-in user" time="0.006">
    </testcase>
    <testcase classname="API security and health rate limits repeated failed login attempts" name="API security and health rate limits repeated failed login attempts" time="0.021">
    </testcase>
    <testcase classname="API security and health exposes seeded quantum research summaries" name="API security and health exposes seeded quantum research summaries" time="0.006">
    </testcase>
    <testcase classname="API security and health reports math engine unavailable when not configured" name="API security and health reports math engine unavailable when not configured" time="0.003">
    </testcase>
    <testcase classname="API security and health blocks math evaluation when engine is unavailable" name="API security and health blocks math evaluation when engine is unavailable" time="0.004">
    </testcase>
  </testsuite>
  <testsuite name="maintenance mode global switch" errors="0" failures="7" skipped="0" timestamp="2026-03-17T22:39:45" time="0.179" tests="7">
    <testcase classname="maintenance mode global switch allows live health endpoint when disabled globally" name="maintenance mode global switch allows live health endpoint when disabled globally" time="0.006">
      <failure>Error: expect(received).toBe(expected) // Object.is equality

Expected: 200
Received: 404
    at Object.&lt;anonymous&gt; (/Users/alexa/blackroad-os-prism-enterprise/tests/maintenance_mode.test.js:25:24)
    at processTicksAndRejections (node:internal/process/task_queues:104:5)</failure>
    </testcase>
    <testcase classname="maintenance mode global switch allows ready health endpoint when disabled globally" name="maintenance mode global switch allows ready health endpoint when disabled globally" time="0.003">
      <failure>Error: expect(received).toBe(expected) // Object.is equality

Expected: 200
Received: 404
    at Object.&lt;anonymous&gt; (/Users/alexa/blackroad-os-prism-enterprise/tests/maintenance_mode.test.js:34:24)
    at processTicksAndRejections (node:internal/process/task_queues:104:5)</failure>
    </testcase>
    <testcase classname="maintenance mode global switch blocks non-allowlisted GET with retry-after" name="maintenance mode global switch blocks non-allowlisted GET with retry-after" time="0.047">
      <failure>Error: expect(received).toBe(expected) // Object.is equality

Expected: 503
Received: 404
    at Object.&lt;anonymous&gt; (/Users/alexa/blackroad-os-prism-enterprise/tests/maintenance_mode.test.js:41:24)
    at processTicksAndRejections (node:internal/process/task_queues:104:5)</failure>
    </testcase>
    <testcase classname="maintenance mode global switch blocks secret resolution with specific message" name="maintenance mode global switch blocks secret resolution with specific message" time="0.001">
      <failure>Error: expect(received).toBe(expected) // Object.is equality

Expected: 503
Received: 404
    at Object.&lt;anonymous&gt; (/Users/alexa/blackroad-os-prism-enterprise/tests/maintenance_mode.test.js:54:24)
    at processTicksAndRejections (node:internal/process/task_queues:104:5)</failure>
    </testcase>
    <testcase classname="maintenance mode global switch blocks materialization with 403" name="maintenance mode global switch blocks materialization with 403" time="0.003">
      <failure>Error: expect(received).toBe(expected) // Object.is equality

Expected: 403
Received: 404
    at Object.&lt;anonymous&gt; (/Users/alexa/blackroad-os-prism-enterprise/tests/maintenance_mode.test.js:65:24)
    at processTicksAndRejections (node:internal/process/task_queues:104:5)</failure>
    </testcase>
    <testcase classname="maintenance mode global switch blocks fossil overrides with custom message" name="maintenance mode global switch blocks fossil overrides with custom message" time="0.002">
      <failure>Error: expect(received).toBe(expected) // Object.is equality

Expected: 503
Received: 404
    at Object.&lt;anonymous&gt; (/Users/alexa/blackroad-os-prism-enterprise/tests/maintenance_mode.test.js:76:24)
    at processTicksAndRejections (node:internal/process/task_queues:104:5)</failure>
    </testcase>
    <testcase classname="maintenance mode global switch blocks unknown paths with maintenance payload" name="maintenance mode global switch blocks unknown paths with maintenance payload" time="0.002">
      <failure>Error: expect(received).toBe(expected) // Object.is equality

Expected: 503
Received: 404
    at Object.&lt;anonymous&gt; (/Users/alexa/blackroad-os-prism-enterprise/tests/maintenance_mode.test.js:87:24)
    at processTicksAndRejections (node:internal/process/task_queues:104:5)</failure>
    </testcase>
    <testcase classname=" Test execution failure: could be caused by test hooks like &apos;afterAll&apos;." name=" Test execution failure: could be caused by test hooks like &apos;afterAll&apos;." time="0">
      <failure>{&quot;message&quot;:&quot;&quot;,&quot;stack&quot;:&quot;Error: Server is not running.\n    at Server.close (node:net:2435:12)\n    at Object.onceWrapper (node:events:622:28)\n    at Server.emit (node:events:508:20)\n    at emitCloseNT (node:net:2495:8)\n    at processTicksAndRejections (node:internal/process/task_queues:89:21)&quot;}</failure>
    </testcase>
  </testsuite>
  <testsuite name="git service integration" errors="0" failures="0" skipped="0" timestamp="2026-03-17T22:39:45" time="1.041" tests="1">
    <testcase classname="git service integration performs end-to-end git operations" name="git service integration performs end-to-end git operations" time="0.519">
    </testcase>
  </testsuite>
  <testsuite name="jobs_locked wireChild" errors="0" failures="1" skipped="0" timestamp="2026-03-17T22:39:46" time="0.048" tests="1">
    <testcase classname="jobs_locked wireChild resolves and cleans up even if onClose throws" name="jobs_locked wireChild resolves and cleans up even if onClose throws" time="0.008">
      <failure>/Users/alexa/blackroad-os-prism-enterprise/srv/blackroad-api/modules/jobs_locked.js:312
  ); return toks;
  ^

SyntaxError: Unexpected token &apos;)&apos;
    at new Script (node:vm:117:7)
    at createScript (node:vm:269:10)
    at Object.runInNewContext (node:vm:310:10)
    at loadWireChild (/Users/alexa/blackroad-os-prism-enterprise/tests/jobs_locked_shutdown.test.js:49:6)
    at Object.&lt;anonymous&gt; (/Users/alexa/blackroad-os-prism-enterprise/tests/jobs_locked_shutdown.test.js:55:34)
    at Promise.then.completed (/Users/alexa/blackroad-os-prism-enterprise/node_modules/jest-circus/build/utils.js:298:28)
    at new Promise (&lt;anonymous&gt;)
    at callAsyncCircusFn (/Users/alexa/blackroad-os-prism-enterprise/node_modules/jest-circus/build/utils.js:231:10)
    at _callCircusTest (/Users/alexa/blackroad-os-prism-enterprise/node_modules/jest-circus/build/run.js:316:40)
    at _runTest (/Users/alexa/blackroad-os-prism-enterprise/node_modules/jest-circus/build/run.js:252:3)</failure>
    </testcase>
  </testsuite>
  <testsuite name="quantum terminal visualization" errors="0" failures="3" skipped="0" timestamp="2026-03-17T22:39:46" time="0.046" tests="3">
    <testcase classname="quantum terminal visualization includes header and equation phases" name="quantum terminal visualization includes header and equation phases" time="0">
      <failure>TypeError: A dynamic import callback was invoked without --experimental-vm-modules
    at importModuleDynamicallyCallback (node:internal/modules/esm/utils:264:11)
    at Object.&lt;anonymous&gt; (/Users/alexa/blackroad-os-prism-enterprise/tests/terminal_quantum.test.js:14:33)
    at Promise.then.completed (/Users/alexa/blackroad-os-prism-enterprise/node_modules/jest-circus/build/utils.js:298:28)
    at new Promise (&lt;anonymous&gt;)
    at callAsyncCircusFn (/Users/alexa/blackroad-os-prism-enterprise/node_modules/jest-circus/build/utils.js:231:10)
    at _callCircusHook (/Users/alexa/blackroad-os-prism-enterprise/node_modules/jest-circus/build/run.js:281:40)
    at _runTestsForDescribeBlock (/Users/alexa/blackroad-os-prism-enterprise/node_modules/jest-circus/build/run.js:95:7)
    at _runTestsForDescribeBlock (/Users/alexa/blackroad-os-prism-enterprise/node_modules/jest-circus/build/run.js:121:9)
    at run (/Users/alexa/blackroad-os-prism-enterprise/node_modules/jest-circus/build/run.js:71:3)
    at runAndTransformResultsToJestFormat (/Users/alexa/blackroad-os-prism-enterprise/node_modules/jest-circus/build/legacy-code-todo-rewrite/jestAdapterInit.js:122:21)
    at jestAdapter (/Users/alexa/blackroad-os-prism-enterprise/node_modules/jest-circus/build/legacy-code-todo-rewrite/jestAdapter.js:79:19)
    at runTestInternal (/Users/alexa/blackroad-os-prism-enterprise/node_modules/jest-runner/build/runTest.js:367:16)
    at runTest (/Users/alexa/blackroad-os-prism-enterprise/node_modules/jest-runner/build/runTest.js:444:34)</failure>
    </testcase>
    <testcase classname="quantum terminal visualization cycles through frame markers" name="quantum terminal visualization cycles through frame markers" time="0">
      <failure>TypeError: A dynamic import callback was invoked without --experimental-vm-modules
    at importModuleDynamicallyCallback (node:internal/modules/esm/utils:264:11)
    at Object.&lt;anonymous&gt; (/Users/alexa/blackroad-os-prism-enterprise/tests/terminal_quantum.test.js:14:33)
    at Promise.then.completed (/Users/alexa/blackroad-os-prism-enterprise/node_modules/jest-circus/build/utils.js:298:28)
    at new Promise (&lt;anonymous&gt;)
    at callAsyncCircusFn (/Users/alexa/blackroad-os-prism-enterprise/node_modules/jest-circus/build/utils.js:231:10)
    at _callCircusHook (/Users/alexa/blackroad-os-prism-enterprise/node_modules/jest-circus/build/run.js:281:40)
    at _runTestsForDescribeBlock (/Users/alexa/blackroad-os-prism-enterprise/node_modules/jest-circus/build/run.js:95:7)
    at _runTestsForDescribeBlock (/Users/alexa/blackroad-os-prism-enterprise/node_modules/jest-circus/build/run.js:121:9)
    at run (/Users/alexa/blackroad-os-prism-enterprise/node_modules/jest-circus/build/run.js:71:3)
    at runAndTransformResultsToJestFormat (/Users/alexa/blackroad-os-prism-enterprise/node_modules/jest-circus/build/legacy-code-todo-rewrite/jestAdapterInit.js:122:21)
    at jestAdapter (/Users/alexa/blackroad-os-prism-enterprise/node_modules/jest-circus/build/legacy-code-todo-rewrite/jestAdapter.js:79:19)
    at runTestInternal (/Users/alexa/blackroad-os-prism-enterprise/node_modules/jest-runner/build/runTest.js:367:16)
    at runTest (/Users/alexa/blackroad-os-prism-enterprise/node_modules/jest-runner/build/runTest.js:444:34)</failure>
    </testcase>
    <testcase classname="quantum terminal visualization renders a wave line with the expected character set" name="quantum terminal visualization renders a wave line with the expected character set" time="0">
      <failure>TypeError: A dynamic import callback was invoked without --experimental-vm-modules
    at importModuleDynamicallyCallback (node:internal/modules/esm/utils:264:11)
    at Object.&lt;anonymous&gt; (/Users/alexa/blackroad-os-prism-enterprise/tests/terminal_quantum.test.js:14:33)
    at Promise.then.completed (/Users/alexa/blackroad-os-prism-enterprise/node_modules/jest-circus/build/utils.js:298:28)
    at new Promise (&lt;anonymous&gt;)
    at callAsyncCircusFn (/Users/alexa/blackroad-os-prism-enterprise/node_modules/jest-circus/build/utils.js:231:10)
    at _callCircusHook (/Users/alexa/blackroad-os-prism-enterprise/node_modules/jest-circus/build/run.js:281:40)
    at _runTestsForDescribeBlock (/Users/alexa/blackroad-os-prism-enterprise/node_modules/jest-circus/build/run.js:95:7)
    at _runTestsForDescribeBlock (/Users/alexa/blackroad-os-prism-enterprise/node_modules/jest-circus/build/run.js:121:9)
    at run (/Users/alexa/blackroad-os-prism-enterprise/node_modules/jest-circus/build/run.js:71:3)
    at runAndTransformResultsToJestFormat (/Users/alexa/blackroad-os-prism-enterprise/node_modules/jest-circus/build/legacy-code-todo-rewrite/jestAdapterInit.js:122:21)
    at jestAdapter (/Users/alexa/blackroad-os-prism-enterprise/node_modules/jest-circus/build/legacy-code-todo-rewrite/jestAdapter.js:79:19)
    at runTestInternal (/Users/alexa/blackroad-os-prism-enterprise/node_modules/jest-runner/build/runTest.js:367:16)
    at runTest (/Users/alexa/blackroad-os-prism-enterprise/node_modules/jest-runner/build/runTest.js:444:34)</failure>
    </testcase>
  </testsuite>
  <testsuite name="Provider registry" errors="0" failures="2" skipped="0" timestamp="2026-03-17T22:39:46" time="0.069" tests="2">
    <testcase classname="Provider registry lists configured providers" name="Provider registry lists configured providers" time="0.005">
      <failure>Error: expect(received).toBe(expected) // Object.is equality

Expected: 200
Received: 404
    at Object.&lt;anonymous&gt; (/Users/alexa/blackroad-os-prism-enterprise/tests/providers.test.js:16:24)
    at processTicksAndRejections (node:internal/process/task_queues:104:5)</failure>
    </testcase>
    <testcase classname="Provider registry returns health for a provider" name="Provider registry returns health for a provider" time="0.003">
      <failure>Error: expect(received).toBe(expected) // Object.is equality

Expected: 200
Received: 404
    at Object.&lt;anonymous&gt; (/Users/alexa/blackroad-os-prism-enterprise/tests/providers.test.js:23:24)
    at processTicksAndRejections (node:internal/process/task_queues:104:5)</failure>
    </testcase>
    <testcase classname=" Test execution failure: could be caused by test hooks like &apos;afterAll&apos;." name=" Test execution failure: could be caused by test hooks like &apos;afterAll&apos;." time="0">
      <failure>{&quot;message&quot;:&quot;&quot;,&quot;stack&quot;:&quot;Error: Server is not running.\n    at Server.close (node:net:2435:12)\n    at Object.onceWrapper (node:events:622:28)\n    at Server.emit (node:events:508:20)\n    at emitCloseNT (node:net:2495:8)\n    at processTicksAndRejections (node:internal/process/task_queues:89:21)&quot;}</failure>
    </testcase>
  </testsuite>
  <testsuite name="add" errors="0" failures="0" skipped="0" timestamp="2026-03-17T22:39:46" time="0.023" tests="1">
    <testcase classname="add adds two numbers" name="add adds two numbers" time="0.001">
    </testcase>
  </testsuite>
  <testsuite name="Git API" errors="0" failures="0" skipped="0" timestamp="2026-03-17T22:39:46" time="0.371" tests="2">
    <testcase classname="Git API returns git health info" name="Git API returns git health info" time="0.045">
    </testcase>
    <testcase classname="Git API returns git status info" name="Git API returns git status info" time="0.271">
    </testcase>
  </testsuite>
  <testsuite name="Lucidia routes" errors="0" failures="0" skipped="0" timestamp="2026-03-17T22:39:47" time="0.207" tests="1">
    <testcase classname="Lucidia routes GET /lucidia/health responds with ok payload" name="Lucidia routes GET /lucidia/health responds with ok payload" time="0.006">
    </testcase>
  </testsuite>
</testsuites>